Determining if the Q_WS_WIN exist failed with the following output:
Change Dir: /home/jhok500/argos3-examples/cmake-build-debug/CMakeFiles/CMakeTmp

Run Build Command:"/usr/bin/make" "cmTC_b41cb/fast"
/usr/bin/make -f CMakeFiles/cmTC_b41cb.dir/build.make CMakeFiles/cmTC_b41cb.dir/build
make[1]: Entering directory `/home/jhok500/argos3-examples/cmake-build-debug/CMakeFiles/CMakeTmp'
Building CXX object CMakeFiles/cmTC_b41cb.dir/CheckSymbolExists.cxx.o
/usr/bin/c++   -I/usr/include/qt4  -std=c++11    -o CMakeFiles/cmTC_b41cb.dir/CheckSymbolExists.cxx.o -c /home/jhok500/argos3-examples/cmake-build-debug/CMakeFiles/CMakeTmp/CheckSymbolExists.cxx
/home/jhok500/argos3-examples/cmake-build-debug/CMakeFiles/CMakeTmp/CheckSymbolExists.cxx: In function ‘int main(int, char**)’:
/home/jhok500/argos3-examples/cmake-build-debug/CMakeFiles/CMakeTmp/CheckSymbolExists.cxx:8:19: error: ‘Q_WS_WIN’ was not declared in this scope
make[1]: *** [CMakeFiles/cmTC_b41cb.dir/CheckSymbolExists.cxx.o] Error 1
make[1]: Leaving directory `/home/jhok500/argos3-examples/cmake-build-debug/CMakeFiles/CMakeTmp'
make: *** [cmTC_b41cb/fast] Error 2

File /home/jhok500/argos3-examples/cmake-build-debug/CMakeFiles/CMakeTmp/CheckSymbolExists.cxx:
/* */
#include <QtCore/qglobal.h>

int main(int argc, char** argv)
{
  (void)argv;
#ifndef Q_WS_WIN
  return ((int*)(&Q_WS_WIN))[argc];
#else
  (void)argc;
  return 0;
#endif
}

Determining if the Q_WS_QWS exist failed with the following output:
Change Dir: /home/jhok500/argos3-examples/cmake-build-debug/CMakeFiles/CMakeTmp

Run Build Command:"/usr/bin/make" "cmTC_d3704/fast"
/usr/bin/make -f CMakeFiles/cmTC_d3704.dir/build.make CMakeFiles/cmTC_d3704.dir/build
make[1]: Entering directory `/home/jhok500/argos3-examples/cmake-build-debug/CMakeFiles/CMakeTmp'
Building CXX object CMakeFiles/cmTC_d3704.dir/CheckSymbolExists.cxx.o
/usr/bin/c++   -I/usr/include/qt4  -std=c++11    -o CMakeFiles/cmTC_d3704.dir/CheckSymbolExists.cxx.o -c /home/jhok500/argos3-examples/cmake-build-debug/CMakeFiles/CMakeTmp/CheckSymbolExists.cxx
/home/jhok500/argos3-examples/cmake-build-debug/CMakeFiles/CMakeTmp/CheckSymbolExists.cxx: In function ‘int main(int, char**)’:
/home/jhok500/argos3-examples/cmake-build-debug/CMakeFiles/CMakeTmp/CheckSymbolExists.cxx:8:19: error: ‘Q_WS_QWS’ was not declared in this scope
make[1]: *** [CMakeFiles/cmTC_d3704.dir/CheckSymbolExists.cxx.o] Error 1
make[1]: Leaving directory `/home/jhok500/argos3-examples/cmake-build-debug/CMakeFiles/CMakeTmp'
make: *** [cmTC_d3704/fast] Error 2

File /home/jhok500/argos3-examples/cmake-build-debug/CMakeFiles/CMakeTmp/CheckSymbolExists.cxx:
/* */
#include <QtCore/qglobal.h>

int main(int argc, char** argv)
{
  (void)argv;
#ifndef Q_WS_QWS
  return ((int*)(&Q_WS_QWS))[argc];
#else
  (void)argc;
  return 0;
#endif
}

Determining if the Q_WS_MAC exist failed with the following output:
Change Dir: /home/jhok500/argos3-examples/cmake-build-debug/CMakeFiles/CMakeTmp

Run Build Command:"/usr/bin/make" "cmTC_bbef5/fast"
/usr/bin/make -f CMakeFiles/cmTC_bbef5.dir/build.make CMakeFiles/cmTC_bbef5.dir/build
make[1]: Entering directory `/home/jhok500/argos3-examples/cmake-build-debug/CMakeFiles/CMakeTmp'
Building CXX object CMakeFiles/cmTC_bbef5.dir/CheckSymbolExists.cxx.o
/usr/bin/c++   -I/usr/include/qt4  -std=c++11    -o CMakeFiles/cmTC_bbef5.dir/CheckSymbolExists.cxx.o -c /home/jhok500/argos3-examples/cmake-build-debug/CMakeFiles/CMakeTmp/CheckSymbolExists.cxx
/home/jhok500/argos3-examples/cmake-build-debug/CMakeFiles/CMakeTmp/CheckSymbolExists.cxx: In function ‘int main(int, char**)’:
/home/jhok500/argos3-examples/cmake-build-debug/CMakeFiles/CMakeTmp/CheckSymbolExists.cxx:8:19: error: ‘Q_WS_MAC’ was not declared in this scope
make[1]: *** [CMakeFiles/cmTC_bbef5.dir/CheckSymbolExists.cxx.o] Error 1
make[1]: Leaving directory `/home/jhok500/argos3-examples/cmake-build-debug/CMakeFiles/CMakeTmp'
make: *** [cmTC_bbef5/fast] Error 2

File /home/jhok500/argos3-examples/cmake-build-debug/CMakeFiles/CMakeTmp/CheckSymbolExists.cxx:
/* */
#include <QtCore/qglobal.h>

int main(int argc, char** argv)
{
  (void)argv;
#ifndef Q_WS_MAC
  return ((int*)(&Q_WS_MAC))[argc];
#else
  (void)argc;
  return 0;
#endif
}

